<?xml version="1.0" encoding="UTF-8"?>
<testsuite name="com.beyond.board.author.AuthorServiceTest" tests="1" skipped="0" failures="0" errors="0" timestamp="2024-07-23T01:26:06" hostname="jeongseulgiui-MacBookAir.local" time="0.092">
  <properties/>
  <testcase name="findAllTest()" classname="com.beyond.board.author.AuthorServiceTest" time="0.092"/>
  <system-out><![CDATA[10:26:04.945 [Test worker] DEBUG org.springframework.test.context.BootstrapUtils - Instantiating CacheAwareContextLoaderDelegate from class [org.springframework.test.context.cache.DefaultCacheAwareContextLoaderDelegate]
10:26:04.953 [Test worker] DEBUG org.springframework.test.context.BootstrapUtils - Instantiating BootstrapContext using constructor [public org.springframework.test.context.support.DefaultBootstrapContext(java.lang.Class,org.springframework.test.context.CacheAwareContextLoaderDelegate)]
10:26:04.966 [Test worker] DEBUG org.springframework.test.context.BootstrapUtils - Instantiating TestContextBootstrapper for test class [com.beyond.board.author.AuthorServiceTest] from class [org.springframework.boot.test.context.SpringBootTestContextBootstrapper]
10:26:04.971 [Test worker] INFO org.springframework.boot.test.context.SpringBootTestContextBootstrapper - Neither @ContextConfiguration nor @ContextHierarchy found for test class [com.beyond.board.author.AuthorServiceTest], using SpringBootContextLoader
10:26:04.972 [Test worker] DEBUG org.springframework.test.context.support.AbstractContextLoader - Did not detect default resource location for test class [com.beyond.board.author.AuthorServiceTest]: class path resource [com/beyond/board/author/AuthorServiceTest-context.xml] does not exist
10:26:04.972 [Test worker] DEBUG org.springframework.test.context.support.AbstractContextLoader - Did not detect default resource location for test class [com.beyond.board.author.AuthorServiceTest]: class path resource [com/beyond/board/author/AuthorServiceTestContext.groovy] does not exist
10:26:04.972 [Test worker] INFO org.springframework.test.context.support.AbstractContextLoader - Could not detect default resource locations for test class [com.beyond.board.author.AuthorServiceTest]: no resource found for suffixes {-context.xml, Context.groovy}.
10:26:04.973 [Test worker] INFO org.springframework.test.context.support.AnnotationConfigContextLoaderUtils - Could not detect default configuration classes for test class [com.beyond.board.author.AuthorServiceTest]: AuthorServiceTest does not declare any static, non-private, non-final, nested classes annotated with @Configuration.
10:26:04.990 [Test worker] DEBUG org.springframework.test.context.support.ActiveProfilesUtils - Could not find an 'annotation declaring class' for annotation type [org.springframework.test.context.ActiveProfiles] and class [com.beyond.board.author.AuthorServiceTest]
10:26:05.019 [Test worker] DEBUG org.springframework.context.annotation.ClassPathScanningCandidateComponentProvider - Identified candidate component class: file [/Users/wisdom/Documents/GitHub/spring_board/build/classes/java/main/com/beyond/board/BoardApplication.class]
10:26:05.019 [Test worker] INFO org.springframework.boot.test.context.SpringBootTestContextBootstrapper - Found @SpringBootConfiguration com.beyond.board.BoardApplication for test class com.beyond.board.author.AuthorServiceTest
10:26:05.057 [Test worker] DEBUG org.springframework.boot.test.context.SpringBootTestContextBootstrapper - @TestExecutionListeners is not present for class [com.beyond.board.author.AuthorServiceTest]: using defaults.
10:26:05.057 [Test worker] INFO org.springframework.boot.test.context.SpringBootTestContextBootstrapper - Loaded default TestExecutionListener class names from location [META-INF/spring.factories]: [org.springframework.boot.test.autoconfigure.restdocs.RestDocsTestExecutionListener, org.springframework.boot.test.autoconfigure.web.client.MockRestServiceServerResetTestExecutionListener, org.springframework.boot.test.autoconfigure.web.servlet.MockMvcPrintOnlyOnFailureTestExecutionListener, org.springframework.boot.test.autoconfigure.web.servlet.WebDriverTestExecutionListener, org.springframework.boot.test.autoconfigure.webservices.client.MockWebServiceServerTestExecutionListener, org.springframework.boot.test.mock.mockito.MockitoTestExecutionListener, org.springframework.boot.test.mock.mockito.ResetMocksTestExecutionListener, org.springframework.test.context.web.ServletTestExecutionListener, org.springframework.test.context.support.DirtiesContextBeforeModesTestExecutionListener, org.springframework.test.context.event.ApplicationEventsTestExecutionListener, org.springframework.test.context.support.DependencyInjectionTestExecutionListener, org.springframework.test.context.support.DirtiesContextTestExecutionListener, org.springframework.test.context.transaction.TransactionalTestExecutionListener, org.springframework.test.context.jdbc.SqlScriptsTestExecutionListener, org.springframework.test.context.event.EventPublishingTestExecutionListener]
10:26:05.065 [Test worker] INFO org.springframework.boot.test.context.SpringBootTestContextBootstrapper - Using TestExecutionListeners: [org.springframework.test.context.web.ServletTestExecutionListener@437e951d, org.springframework.test.context.support.DirtiesContextBeforeModesTestExecutionListener@77b325b3, org.springframework.test.context.event.ApplicationEventsTestExecutionListener@63a5e46c, org.springframework.boot.test.mock.mockito.MockitoTestExecutionListener@7e8e8651, org.springframework.boot.test.autoconfigure.SpringBootDependencyInjectionTestExecutionListener@49ef32e0, org.springframework.test.context.support.DirtiesContextTestExecutionListener@271f18d3, org.springframework.test.context.transaction.TransactionalTestExecutionListener@6bd51ed8, org.springframework.test.context.jdbc.SqlScriptsTestExecutionListener@61e3a1fd, org.springframework.test.context.event.EventPublishingTestExecutionListener@51abf713, org.springframework.boot.test.autoconfigure.restdocs.RestDocsTestExecutionListener@eadb475, org.springframework.boot.test.autoconfigure.web.client.MockRestServiceServerResetTestExecutionListener@4d4d48a6, org.springframework.boot.test.autoconfigure.web.servlet.MockMvcPrintOnlyOnFailureTestExecutionListener@315df4bb, org.springframework.boot.test.autoconfigure.web.servlet.WebDriverTestExecutionListener@3fc08eec, org.springframework.boot.test.autoconfigure.webservices.client.MockWebServiceServerTestExecutionListener@5cad8b7d, org.springframework.boot.test.mock.mockito.ResetMocksTestExecutionListener@7b02e036]
10:26:05.067 [Test worker] DEBUG org.springframework.test.context.support.AbstractDirtiesContextTestExecutionListener - Before test class: context [DefaultTestContext@79c4715d testClass = AuthorServiceTest, testInstance = [null], testMethod = [null], testException = [null], mergedContextConfiguration = [WebMergedContextConfiguration@5aa360ea testClass = AuthorServiceTest, locations = '{}', classes = '{class com.beyond.board.BoardApplication}', contextInitializerClasses = '[]', activeProfiles = '{}', propertySourceLocations = '{}', propertySourceProperties = '{org.springframework.boot.test.context.SpringBootTestContextBootstrapper=true}', contextCustomizers = set[org.springframework.boot.test.autoconfigure.actuate.metrics.MetricsExportContextCustomizerFactory$DisableMetricExportContextCustomizer@435871cb, org.springframework.boot.test.autoconfigure.properties.PropertyMappingContextCustomizer@0, org.springframework.boot.test.autoconfigure.web.servlet.WebDriverContextCustomizerFactory$Customizer@2c88b9fc, org.springframework.boot.test.context.filter.ExcludeFilterContextCustomizer@1dd0e7c4, org.springframework.boot.test.json.DuplicateJsonObjectContextCustomizerFactory$DuplicateJsonObjectContextCustomizer@242aa8d9, org.springframework.boot.test.mock.mockito.MockitoContextCustomizer@0, org.springframework.boot.test.web.client.TestRestTemplateContextCustomizer@4f2c9ba6, org.springframework.boot.test.context.SpringBootTestArgs@1, org.springframework.boot.test.context.SpringBootTestWebEnvironment@5f77d0f9], resourceBasePath = 'src/main/webapp', contextLoader = 'org.springframework.boot.test.context.SpringBootContextLoader', parent = [null]], attributes = map['org.springframework.test.context.web.ServletTestExecutionListener.activateListener' -> true]], class annotated with @DirtiesContext [false] with mode [null].

  .   ____          _            __ _ _
 /\\ / ___'_ __ _ _(_)_ __  __ _ \ \ \ \
( ( )\___ | '_ | '_| | '_ \/ _` | \ \ \ \
 \\/  ___)| |_)| | | | | || (_| |  ) ) ) )
  '  |____| .__|_| |_|_| |_\__, | / / / /
 =========|_|==============|___/=/_/_/_/
 :: Spring Boot ::               (v2.7.11)

2024-07-23 10:26:05.229  INFO 88023 --- [    Test worker] c.beyond.board.author.AuthorServiceTest  : Starting AuthorServiceTest using Java 11.0.22 on jeongseulgiui-MacBookAir.local with PID 88023 (started by wisdom in /Users/wisdom/Documents/GitHub/spring_board)
2024-07-23 10:26:05.229  INFO 88023 --- [    Test worker] c.beyond.board.author.AuthorServiceTest  : No active profile set, falling back to 1 default profile: "default"
2024-07-23 10:26:05.510  INFO 88023 --- [    Test worker] .s.d.r.c.RepositoryConfigurationDelegate : Bootstrapping Spring Data JPA repositories in DEFAULT mode.
2024-07-23 10:26:05.532  INFO 88023 --- [    Test worker] .s.d.r.c.RepositoryConfigurationDelegate : Finished Spring Data repository scanning in 19 ms. Found 2 JPA repository interfaces.
2024-07-23 10:26:05.728  INFO 88023 --- [    Test worker] com.zaxxer.hikari.HikariDataSource       : HikariPool-1 - Starting...
2024-07-23 10:26:05.760  INFO 88023 --- [    Test worker] com.zaxxer.hikari.HikariDataSource       : HikariPool-1 - Start completed.
2024-07-23 10:26:05.833  INFO 88023 --- [    Test worker] o.hibernate.jpa.internal.util.LogHelper  : HHH000204: Processing PersistenceUnitInfo [name: default]
2024-07-23 10:26:05.858  INFO 88023 --- [    Test worker] org.hibernate.Version                    : HHH000412: Hibernate ORM core version 5.6.15.Final
2024-07-23 10:26:05.942  INFO 88023 --- [    Test worker] o.hibernate.annotations.common.Version   : HCANN000001: Hibernate Commons Annotations {5.1.2.Final}
2024-07-23 10:26:05.999  INFO 88023 --- [    Test worker] org.hibernate.dialect.Dialect            : HHH000400: Using dialect: org.hibernate.dialect.MariaDBDialect
2024-07-23 10:26:06.329  INFO 88023 --- [    Test worker] o.h.e.t.j.p.i.JtaPlatformInitiator       : HHH000490: Using JtaPlatform implementation: [org.hibernate.engine.transaction.jta.platform.internal.NoJtaPlatform]
2024-07-23 10:26:06.333  INFO 88023 --- [    Test worker] j.LocalContainerEntityManagerFactoryBean : Initialized JPA EntityManagerFactory for persistence unit 'default'
2024-07-23 10:26:06.666  WARN 88023 --- [    Test worker] JpaBaseConfiguration$JpaWebConfiguration : spring.jpa.open-in-view is enabled by default. Therefore, database queries may be performed during view rendering. Explicitly configure spring.jpa.open-in-view to disable this warning
2024-07-23 10:26:06.862  WARN 88023 --- [    Test worker] o.s.b.a.batch.JpaBatchConfigurer         : JPA does not support custom isolation levels, so locks may not be taken when launching Jobs. To silence this warning, set 'spring.batch.jdbc.isolation-level-for-create' to 'default'.
2024-07-23 10:26:06.864  INFO 88023 --- [    Test worker] o.s.b.c.r.s.JobRepositoryFactoryBean     : No database type set, using meta data indicating: MYSQL
2024-07-23 10:26:06.872  INFO 88023 --- [    Test worker] o.s.b.c.l.support.SimpleJobLauncher      : No TaskExecutor has been set, defaulting to synchronous executor.
2024-07-23 10:26:06.923  INFO 88023 --- [    Test worker] c.beyond.board.author.AuthorServiceTest  : Started AuthorServiceTest in 1.834 seconds (JVM running for 2.328)
2024-07-23 10:26:06.924  INFO 88023 --- [    Test worker] o.s.b.a.b.JobLauncherApplicationRunner   : Running default command line with: []
2024-07-23 10:26:06.936  INFO 88023 --- [    Test worker] o.s.t.c.transaction.TransactionContext   : Began transaction (1) for test context [DefaultTestContext@79c4715d testClass = AuthorServiceTest, testInstance = com.beyond.board.author.AuthorServiceTest@3c7787a7, testMethod = findAllTest@AuthorServiceTest, testException = [null], mergedContextConfiguration = [WebMergedContextConfiguration@5aa360ea testClass = AuthorServiceTest, locations = '{}', classes = '{class com.beyond.board.BoardApplication}', contextInitializerClasses = '[]', activeProfiles = '{}', propertySourceLocations = '{}', propertySourceProperties = '{org.springframework.boot.test.context.SpringBootTestContextBootstrapper=true}', contextCustomizers = set[org.springframework.boot.test.autoconfigure.actuate.metrics.MetricsExportContextCustomizerFactory$DisableMetricExportContextCustomizer@435871cb, org.springframework.boot.test.autoconfigure.properties.PropertyMappingContextCustomizer@0, org.springframework.boot.test.autoconfigure.web.servlet.WebDriverContextCustomizerFactory$Customizer@2c88b9fc, org.springframework.boot.test.context.filter.ExcludeFilterContextCustomizer@1dd0e7c4, org.springframework.boot.test.json.DuplicateJsonObjectContextCustomizerFactory$DuplicateJsonObjectContextCustomizer@242aa8d9, org.springframework.boot.test.mock.mockito.MockitoContextCustomizer@0, org.springframework.boot.test.web.client.TestRestTemplateContextCustomizer@4f2c9ba6, org.springframework.boot.test.context.SpringBootTestArgs@1, org.springframework.boot.test.context.SpringBootTestWebEnvironment@5f77d0f9], resourceBasePath = 'src/main/webapp', contextLoader = 'org.springframework.boot.test.context.SpringBootContextLoader', parent = [null]], attributes = map['org.springframework.test.context.web.ServletTestExecutionListener.activateListener' -> true, 'org.springframework.test.context.web.ServletTestExecutionListener.populatedRequestContextHolder' -> true, 'org.springframework.test.context.web.ServletTestExecutionListener.resetRequestContextHolder' -> true, 'org.springframework.test.context.event.ApplicationEventsTestExecutionListener.recordApplicationEvents' -> false]]; transaction manager [org.springframework.orm.jpa.JpaTransactionManager@2ca464bb]; rollback [true]
Hibernate: select author0_.id as id1_0_, author0_.created_time as created_2_0_, author0_.updated_time as updated_3_0_, author0_.email as email4_0_, author0_.name as name5_0_, author0_.password as password6_0_, author0_.role as role7_0_ from author author0_
Hibernate: select author0_.id as id1_0_, author0_.created_time as created_2_0_, author0_.updated_time as updated_3_0_, author0_.email as email4_0_, author0_.name as name5_0_, author0_.password as password6_0_, author0_.role as role7_0_ from author author0_ where author0_.email=?
Hibernate: insert into author (created_time, updated_time, email, name, password, role) values (?, ?, ?, ?, ?, ?)
Hibernate: insert into post (created_time, updated_time, appointment, appointment_time, author_id, contents, title) values (?, ?, ?, ?, ?, ?, ?)
Hibernate: select author0_.id as id1_0_, author0_.created_time as created_2_0_, author0_.updated_time as updated_3_0_, author0_.email as email4_0_, author0_.name as name5_0_, author0_.password as password6_0_, author0_.role as role7_0_ from author author0_ where author0_.email=?
Hibernate: insert into author (created_time, updated_time, email, name, password, role) values (?, ?, ?, ?, ?, ?)
Hibernate: insert into post (created_time, updated_time, appointment, appointment_time, author_id, contents, title) values (?, ?, ?, ?, ?, ?, ?)
Hibernate: select author0_.id as id1_0_, author0_.created_time as created_2_0_, author0_.updated_time as updated_3_0_, author0_.email as email4_0_, author0_.name as name5_0_, author0_.password as password6_0_, author0_.role as role7_0_ from author author0_ where author0_.email=?
Hibernate: insert into author (created_time, updated_time, email, name, password, role) values (?, ?, ?, ?, ?, ?)
Hibernate: insert into post (created_time, updated_time, appointment, appointment_time, author_id, contents, title) values (?, ?, ?, ?, ?, ?, ?)
Hibernate: select author0_.id as id1_0_, author0_.created_time as created_2_0_, author0_.updated_time as updated_3_0_, author0_.email as email4_0_, author0_.name as name5_0_, author0_.password as password6_0_, author0_.role as role7_0_ from author author0_
2024-07-23 10:26:07.022  INFO 88023 --- [    Test worker] o.s.t.c.transaction.TransactionContext   : Rolled back transaction for test: [DefaultTestContext@79c4715d testClass = AuthorServiceTest, testInstance = com.beyond.board.author.AuthorServiceTest@3c7787a7, testMethod = findAllTest@AuthorServiceTest, testException = [null], mergedContextConfiguration = [WebMergedContextConfiguration@5aa360ea testClass = AuthorServiceTest, locations = '{}', classes = '{class com.beyond.board.BoardApplication}', contextInitializerClasses = '[]', activeProfiles = '{}', propertySourceLocations = '{}', propertySourceProperties = '{org.springframework.boot.test.context.SpringBootTestContextBootstrapper=true}', contextCustomizers = set[org.springframework.boot.test.autoconfigure.actuate.metrics.MetricsExportContextCustomizerFactory$DisableMetricExportContextCustomizer@435871cb, org.springframework.boot.test.autoconfigure.properties.PropertyMappingContextCustomizer@0, org.springframework.boot.test.autoconfigure.web.servlet.WebDriverContextCustomizerFactory$Customizer@2c88b9fc, org.springframework.boot.test.context.filter.ExcludeFilterContextCustomizer@1dd0e7c4, org.springframework.boot.test.json.DuplicateJsonObjectContextCustomizerFactory$DuplicateJsonObjectContextCustomizer@242aa8d9, org.springframework.boot.test.mock.mockito.MockitoContextCustomizer@0, org.springframework.boot.test.web.client.TestRestTemplateContextCustomizer@4f2c9ba6, org.springframework.boot.test.context.SpringBootTestArgs@1, org.springframework.boot.test.context.SpringBootTestWebEnvironment@5f77d0f9], resourceBasePath = 'src/main/webapp', contextLoader = 'org.springframework.boot.test.context.SpringBootContextLoader', parent = [null]], attributes = map['org.springframework.test.context.web.ServletTestExecutionListener.activateListener' -> true, 'org.springframework.test.context.web.ServletTestExecutionListener.populatedRequestContextHolder' -> true, 'org.springframework.test.context.web.ServletTestExecutionListener.resetRequestContextHolder' -> true, 'org.springframework.test.context.event.ApplicationEventsTestExecutionListener.recordApplicationEvents' -> false]]
]]></system-out>
  <system-err><![CDATA[]]></system-err>
</testsuite>
